<?xml version="1.0" encoding="UTF-8"?>
<!-- Generated by org.testng.reporters.JUnitReportReporter -->
<testsuite hostname="DESKTOP-JRR75V4" failures="0" tests="2" name="techWithJatin.apis.tests.LoginTest" time="3.988" errors="0" timestamp="2025-02-15T16:28:07 IST" skipped="0">
  <testcase classname="techWithJatin.apis.tests.LoginTest" name="login1Test" time="0.009"/>
  <testcase classname="techWithJatin.apis.tests.LoginTest" name="loginTest" time="3.979"/>
</testsuite> <!-- techWithJatin.apis.tests.LoginTest -->
